  Building source list
  Running fastdep
  _precompile.cpp
  ACOText.cpp
  AdvCiv4lerts.cpp
  AgentIterator.cpp
  AgentIteratorTest.cpp
  AIStrengthMemoryMap.cpp
  ArithmeticTraits.cpp
  ArmamentForecast.cpp
  BarbarianWeightMap.cpp
  BBAILog.cpp
  CitySiteEvaluator.cpp
  CombatOdds.cpp
  CvAgents.cpp
  CvArea.cpp
  CvArtFileMgr.cpp
  CvBugOptions.cpp
  CvCity.cpp
  CvCityAI.cpp
  CvCivilization.cpp
  CvDeal.cpp
  CvDiploParameters.cpp
  CvDLLButtonPopup.cpp
  CvDLLEntity.cpp
  CvDLLInterfaceIFaceBase.cpp
  CvDLLLogger.cpp
  CvDLLPython.cpp
  CvDllPythonEvents.cpp
  CvDllTranslator.cpp
  CvDLLWidgetData.cpp
  CvEventReporter.cpp
  CvFractal.cpp
  CvGame.cpp
  CvGameAI.cpp
  CvGameCoreDLL.cpp
  CvGameCoreUtils.cpp
  CvGameInterface.cpp
  CvGameTextMgr.cpp
  CvGlobals.cpp
  CvHallOfFameInfo.cpp
  CvInfo_Asset.cpp
  CvInfo_Base.cpp
  CvInfo_Build.cpp
  CvInfo_Building.cpp
  CvInfo_City.cpp
  CvInfo_Civics.cpp
  CvInfo_Civilization.cpp
  CvInfo_Command.cpp
  CvInfo_GameOption.cpp
  CvInfo_Misc.cpp
  CvInfo_Organization.cpp
  CvInfo_RandomEvent.cpp
  CvInfo_Symbol.cpp
  CvInfo_Tech.cpp
  CvInfo_Terrain.cpp
  CvInfo_TrueStarts.cpp
  CvInfo_Unit.cpp
  CvInfo_Water.cpp
  CvInitCore.cpp
  CvMap.cpp
  CvMapGenerator.cpp
  CvMemoryManager.cpp
  CvMessageControl.cpp
  CvMessageData.cpp
  CvPlayer.cpp
  CvPlayerAI.cpp
  CvPlot.cpp
  CvPlotGroup.cpp
  CvPopupInfo.cpp
  CvPopupReturn.cpp
  CvPythonCaller.cpp
  CvRandom.cpp
  CvReplayInfo.cpp
  CvReplayMessage.cpp
  CvSelectionGroup.cpp
  CvSelectionGroupAI.cpp
  CvStatistics.cpp
  CvString.cpp
  CvStructs.cpp
  CvTalkingHeadMessage.cpp
  CvTeam.cpp
  CvTeamAI.cpp
  CvUnit.cpp
  CvUnitAI.cpp
  CvVirtualWrappers.cpp
  CvXMLLoadUtility.cpp
  CvXMLLoadUtilityGet.cpp
  CvXMLLoadUtilityInit.cpp
  CvXMLLoadUtilitySet.cpp
  CyArea.cpp
  CyAreaInterface.cpp
  CyArgsList.cpp
  CyArtFileMgr.cpp
  CyArtFileMgrInterface.cpp
  CyCity.cpp
  CyCityInterface1.cpp
  CyCityInterface2.cpp
  CyDeal.cpp
  CyEnumsInterface.cpp
  CyGame.cpp
  CyGameCoreUtils.cpp
  CyGameCoreUtilsInterface.cpp
  CyGameInterface.cpp
  CyGameTextMgr.cpp
  CyGameTextMgrInterface.cpp
  CyGlobalContext.cpp
  CyGlobalContextInterface1.cpp
  CyGlobalContextInterface2.cpp
  CyGlobalContextInterface3.cpp
  CyGlobalContextInterface4.cpp
  CyHallOfFameInfo.cpp
  CyHallOfFameInterface.cpp
  CyInfoInterface1.cpp
  CyInfoInterface2.cpp
  CyInfoInterface3.cpp
  CyMap.cpp
  CyMapGenerator.cpp
  CyMapGeneratorInterface.cpp
  CyMapInterface.cpp
  CyMessageControl.cpp
  CyMessageControlInterface.cpp
  CyPlayer.cpp
  CyPlayerInterface1.cpp
  CyPlayerInterface2.cpp
  CyPlot.cpp
  CyPlotInterface1.cpp
  CyRandomInterface.cpp
  CyReplayInfo.cpp
  CySelectionGroup.cpp
  CySelectionGroupInterface.cpp
  CyStructsInterface1.cpp
  CyTeam.cpp
  CyTeamInterface.cpp
  CyUnit.cpp
  CyUnitInterface1.cpp
  EnumMapTest.cpp
  FAssert.cpp
  FAStarFunc.cpp
  FDialogTemplate.cpp
  FFreeListTrashArray.cpp
  FProfiler.cpp
  GroupPathFinder.cpp
  InvasionGraph.cpp
  KmodPathFinderLegacy.cpp
  MilitaryAnalyst.cpp
  MilitaryBranch.cpp
  ModName.cpp
  PlayerHistory.cpp
  PlotRadiusIterator.cpp
  ReproTest.cpp
  RFChapter.cpp
  RFChapterScore.cpp
  RFTotalScore.cpp
  RiseFall.cpp
  ScaledNumTest.cpp
  SelfMod.cpp
  Shelf.cpp
  StartingPositionIteration.cpp
  StartPointsAsHandicap.cpp
  TeamPathFinder.cpp
  TrueStarts.cpp
  TSCProfiler.cpp
  UWAI.cpp
  UWAIAgent.cpp
  UWAICache.cpp
  UWAIReport.cpp
  WarEvalParameters.cpp
  WarEvaluator.cpp
  WarUtilityAspect.cpp
  Linking DLL
msvcprtd.lib(nothrow.obj) : warning LNK4229: invalid directive '/FAILIFMISMATCH:_MSC_VER=1600' encountered; ignored
msvcprtd.lib(nothrow.obj) : warning LNK4078: multiple '.CRT' sections found with different attributes (40300040)
msvcprtd.lib(nothrow.obj) : warning LNK4229: invalid directive '/FAILIFMISMATCH:_MSC_VER=1600' encountered; ignored
msvcprtd.lib(nothrow.obj) : warning LNK4078: multiple '.CRT' sections found with different attributes (40300040)
     Creating library temp_files\Debug\CvGameCoreDLL.lib and object temp_files\Debug\CvGameCoreDLL.exp
  	COPY "temp_files\Debug\CvGameCoreDLL.dll" "Debug\CvGameCoreDLL.dll"
          1 file(s) copied.

Project Performance Summary:
    100984 ms  R:\CvGameCoreDLL\Project\AdvCiv.vcxproj    1 calls
              100984 ms  build                                      1 calls

Target Performance Summary:
        0 ms  ResolveAssemblyReferences                  1 calls
        0 ms  _SplitProjectReferencesByFileExistence     1 calls
        0 ms  GetReferenceAssemblyPaths                  1 calls
        0 ms  PrepareForNMakeBuild                       1 calls
        0 ms  PrepareForBuild                            1 calls
        0 ms  SetBuildDefaultEnvironmentVariables        1 calls
        0 ms  GetTargetPath                              1 calls
        0 ms  GetInstalledSDKLocations                   1 calls
        0 ms  GetFrameworkPaths                          1 calls
        0 ms  ResolveReferences                          1 calls
        0 ms  ResolveSDKReferences                       1 calls
        0 ms  ExpandSDKReferences                        1 calls
        0 ms  ResolveProjectReferences                   1 calls
        0 ms  AfterResolveReferences                     1 calls
        0 ms  AssignProjectConfiguration                 1 calls
        0 ms  BeforeResolveReferences                    1 calls
       16 ms  _CheckForInvalidConfigurationAndPlatform   1 calls
    100969 ms  Build                                      1 calls

Task Performance Summary:
        0 ms  MakeDir                                    2 calls
        0 ms  FindAppConfigFile                          1 calls
        0 ms  ResolveAssemblyReference                   1 calls
        0 ms  AssignProjectConfiguration                 1 calls
        0 ms  SetEnv                                     4 calls
        0 ms  Message                                    2 calls
    100969 ms  Exec                                       1 calls
